<?xml version="1.0" encoding="UTF-8"?>
<!-- Generated by org.testng.reporters.JUnitReportReporter -->
<testsuite hostname="DESKTOP-IJV904P" name="selenium.NewTest" tests="1" failures="0" timestamp="14 Sep 2019 19:28:48 GMT" time="2.782" errors="0">
  <testcase name="openNewAccount" time="2.782" classname="selenium.NewTest"/>
</testsuite> <!-- selenium.NewTest -->
